2025-02-10 09:00:01 [INFO] auth: Authentication service started
2025-02-10 09:01:05 [INFO] db: Database connection established
2025-02-10 09:02:10 [DEBUG] auth: Checking user credentials
2025-02-10 09:03:15 [WARN] auth: Slow response from auth provider
2025-02-10 09:04:20 [INFO] api: API server listening on port 8080
2025-02-10 09:05:25 [ERROR] db: Failed to execute query
2025-02-10 09:06:30 [INFO] db: Retrying database connection
2025-02-10 09:07:35 [INFO] db: Database reconnected successfully
2025-02-10 09:08:40 [DEBUG] api: Incoming request received
2025-02-10 09:09:45 [INFO] api: Request processed successfully
2025-02-10 09:10:01  auth: User login successful
2025-02-10 09:11:05 [DEBUG] auth: Session token generated
2025-02-10 09:12:10 [INFO] cache: Cache initialized
2025-02-10 09:13:15 [WARN] cache: Cache miss for key user_42
2025-02-10 09:14:20 [INFO] api: Fetching user profile
2025-02-10 09 [ERROR] api: Timeout while calling downstream service
2025-02-10 09:16:30 [INFO] api: Retrying request
2025-02-10 09:17:35 [INFO] api: Request succeeded after retry
2025-02-10 09:18:40 [DEBUG] scheduler: Running scheduled cleanup job
2025-02-10 09:19:45 [INFO] scheduler: Cleanup completed
2025-02-10 09:20:01 [INFO] auth: User logout successful
2025-02-10 09:21:05 [DEBUG] db: Preparing insert statement
2025-02-10 09:22:10 [INFO] Record inserted successfully
2025-02-10 09:23:15 [WARN] api: Deprecated API endpoint used
2025-02-10 09:24:20 [INFO] api: Sending response to client
20-02-10 09:25:25 [ERROR] auth: Invalid password attempt
2025-02-10 09:26:30 [INFO] auth: Account locked after multiple failures
2025-02-10 09:27:35 [INFO] notifier: Sending alert email
2025-02-10 09:28:40 [DEBUG] notifier: Email payload constructed
2025-02-10 09:29:45 [INFO] notifier: Alert email sent
2025-02-10 09:30:01 [INFO] api: Health check endpoint called
2025-02-10 09:31:05 [INFO] api: Health check OK
2025-02-10 09:32:10 [DEBUG] metrics: Collecting system metrics
2025-02-10 09:33:15 [INFO] metrics: CPU usage recorded
2025-02-10 09:34:20 [INFO] metrics: Memory usage recorded
2025-02-10 09:35:25 [WARN] metrics: High memory usage detected
2025-02-10 09:36:30 [INFO] autoscaler: Scaling up instances
2025-02-10 09:37:35 [INFO] autoscaler: Scale-up completed
2025-02-10 09:38:40 [DEBUG] api: Processing batch request
2025-02-10 09:39:45 [INFO] api: Batch request completed
2025-02-10 09:40:01 [INFO] db: Starting backup process
2025-02-10 09:41:05 [INFO] db: Backup in progress
2025-02-10 09:42:10 [INFO] db: Backup completed successfully
2025-02-10 09:43:15 [DEBUG] scheduler: Scheduling next backup
2025-02-10 09:44:20 [INFO] scheduler: Backup scheduled
2025-02-10 09:45:25 [ERROR] fs: Disk write failure detected
2025-02-10 09:46:30 [WARN] fs: Disk space running low
2025-02-10 09:47:35 [INFO] fs: Temporary files cleaned
2025-02-10 09:48:40 [INFO] fs: Disk space normalized
2025-02-10 09:49:45 [INFO] monitor: System stable
2025-02-10 09:50:01 [INFO] auth: Password reset requested
2025-02-10 09:51:05 [DEBUG] auth: Reset token generated
2025-02-10 09:52:10 [INFO] notifier: Sending password reset email
2025-02-10 09:53:15 [INFO] notifier: Password reset email sent
2025-02-10 09:54:20 [INFO] auth: Password reset completed
2025-02-10 09:55:25 [WARN] api: High latency detected
2025-02-10 09:56:30 [INFO] api: Latency back to normal
2025-02-10 09:57:35 [DEBUG] metrics: Metrics flushed
2025-02-10 09:58:40 [INFO] monitor: End of monitoring window
2025-02-10 09:59:45 [INFO] system: Log aggregation completed
